Arguments: 
  C:\Program Files\nodejs\node.exe C:\Program Files (x86)\Yarn\bin\yarn.js start

PATH: 
  C:\Program Files\Git\mingw64\bin;C:\Program Files\Git\usr\bin;C:\Users\mrmcc\bin;C:\Users\mrmcc\bin;C:\Program Files\Git\mingw64\bin;C:\Program Files\Git\usr\local\bin;C:\Program Files\Git\usr\bin;C:\Program Files\Git\usr\bin;C:\Program Files\Git\mingw64\bin;C:\Program Files\Git\usr\bin;C:\Users\mrmcc\bin;C:\Program Files (x86)\Common Files\Intel\Shared Libraries\redist\intel64\compiler;C:\Program Files (x86)\Common Files\Oracle\Java\javapath;C:\windows\system32;C:\windows;C:\windows\System32\Wbem;C:\windows\System32\WindowsPowerShell\v1.0;C:\windows\System32\OpenSSH;C:\Program Files\nodejs;C:\Program Files (x86)\Yarn\bin;C:\Program Files\gs\gs9.52\lib;C:\Program Files\gs\gs9.52\bin;C:\Program Files\Git\cmd;C:\Program Files\dotnet;C:\Ruby27-x64\bin;C:\Users\mrmcc\AppData\Local\Microsoft\WindowsApps;C:\Users\mrmcc\AppData\Local\Programs\Microsoft VS Code\bin;C:\Users\mrmcc\AppData\Roaming\npm;C:\Users\mrmcc\AppData\Local\Yarn\bin;C:\Users\mrmcc\.deno\bin;C:\Program Files\Git\usr\bin\vendor_perl;C:\Program Files\Git\usr\bin\core_perl

Yarn version: 
  1.22.4

Node version: 
  12.16.2

Platform: 
  win32 x64

Trace: 
  SyntaxError: C:\Users\mrmcc\Documents\Projects\ZeroDevs\ZeroBot - 2021\package.json: Unexpected token } in JSON at position 402
      at JSON.parse (<anonymous>)
      at C:\Program Files (x86)\Yarn\lib\cli.js:1625:59
      at Generator.next (<anonymous>)
      at step (C:\Program Files (x86)\Yarn\lib\cli.js:310:30)
      at C:\Program Files (x86)\Yarn\lib\cli.js:321:13

npm manifest: 
  {
    "name": "zerobot",
    "version": "1.0.0",
    "description": "",
    "main": "bot.js",
    "scripts": {
      "test": "echo \"Error: no test specified\" && exit 1"
    },
    "keywords": [],
    "author": "",
    "license": "ISC",
    "dependencies": {
      "ansi-colors": "^4.1.1",
      "cli-table3": "^0.6.0",
      "discord.js": "^12.3.1",
      "dotenv": "^8.2.0",
      "moment": "^2.29.1",
      "mongoose": "^5.10.9",
    }
  }

yarn manifest: 
  No manifest

Lockfile: 
  No lockfile
